<?xml version="1.0" encoding="UTF-8"?>
<!-- Generated by org.testng.reporters.JUnitXMLReporter -->
<testsuite ignored="0" hostname="DESKTOP-QQJINFP" failures="0" tests="5" name="Test" time="18.118" errors="0" timestamp="2023-10-09T21:33:52 ART">
  <testcase classname="pruebas.Clase8Test" name="login" time="6.118"/>
  <testcase classname="pruebas.Clase8Test" name="login" time="2.756"/>
  <testcase classname="pruebas.Clase8Test" name="login" time="2.308"/>
  <testcase classname="pruebas.Clase8Test" name="login" time="2.366"/>
  <testcase classname="pruebas.Clase8Test" name="login" time="2.483"/>
</testsuite> <!-- Test -->
