<?xml version="1.0" encoding="UTF-8"?>
<testng-results ignored="0" total="1" passed="1" failed="0" skipped="0">
  <reporter-output>
  </reporter-output>
  <suite started-at="2023-10-11T21:31:56 ART" name="Default suite" finished-at="2023-10-11T21:31:58 ART" duration-ms="2524">
    <groups>
    </groups>
    <test started-at="2023-10-11T21:31:56 ART" name="Default test" finished-at="2023-10-11T21:31:58 ART" duration-ms="2524">
      <class name="edit.EducacionIT_65093.AccesoABaseDeDatosTest">
        <test-method signature="testBaseDeDatos()[pri:0, instance:edit.EducacionIT_65093.AccesoABaseDeDatosTest@3e8c3cb]" started-at="2023-10-11T21:31:56 ART" name="testBaseDeDatos" finished-at="2023-10-11T21:31:58 ART" duration-ms="2350" status="PASS">
          <reporter-output>
          </reporter-output>
        </test-method> <!-- testBaseDeDatos -->
      </class> <!-- edit.EducacionIT_65093.AccesoABaseDeDatosTest -->
    </test> <!-- Default test -->
  </suite> <!-- Default suite -->
</testng-results>
